2023.04.08, 17:00:00.0263 UTC -> Fetching data from - https://api.coingecko.com/api/v3/coins/kaspa/market_chart/range?vs_currency=usd&from=1680368400&to=1680973200
2023.04.08, 17:00:00.0268 UTC -> Fetching data from - https://api.coingecko.com/api/v3/coins/kaspa/market_chart/range?vs_currency=usd&from=1678298400&to=1680973200
2023.04.08, 17:00:00.0271 UTC -> Fetching data from - https://api.coingecko.com/api/v3/coins/kaspa/market_chart/range?vs_currency=usd&from=1649437200&to=1680973200
2023.04.08, 17:00:00.0755 UTC -> Successful fetch. Adding data to db.
2023.04.08, 17:00:00.0843 UTC -> Successful fetch. Adding data to db.
2023.04.08, 17:00:00.0846 UTC -> Successful fetch. Adding data to db.
2023.04.08, 17:00:23.0261 UTC -> Fetching data from - https://api.coingecko.com/api/v3/coins/kaspa/market_chart/range?vs_currency=usd&from=1680886823&to=1680973223
2023.04.08, 17:00:23.0561 UTC -> Successful fetch. Adding data to db.
2023.04.08, 17:00:26.0848 UTC -> Fetching data from - https://api.coingecko.com/api/v3/coins/kaspa/market_chart/range?vs_currency=eur&from=1678298426&to=1680973226
2023.04.08, 17:00:27.0093 UTC -> Successful fetch. Adding data to db.
2023.04.08, 17:00:35.0758 UTC -> Fetching data from - https://api.coingecko.com/api/v3/coins/kaspa/market_chart/range?vs_currency=eur&from=1680368435&to=1680973235
2023.04.08, 17:00:36.0002 UTC -> Successful fetch. Adding data to db.
2023.04.08, 17:00:47.0564 UTC -> Fetching data from - https://api.coingecko.com/api/v3/coins/kaspa/market_chart/range?vs_currency=eur&from=1680886847&to=1680973247
2023.04.08, 17:00:47.0827 UTC -> Successful fetch. Adding data to db.
2023.04.08, 17:00:53.0099 UTC -> Fetching data from - https://api.coingecko.com/api/v3/coins/kaspa/market_chart/range?vs_currency=jpy&from=1678298453&to=1680973253
2023.04.08, 17:00:53.0344 UTC -> Successful fetch. Adding data to db.
2023.04.08, 17:01:11.0006 UTC -> Fetching data from - https://api.coingecko.com/api/v3/coins/kaspa/market_chart/range?vs_currency=jpy&from=1680368471&to=1680973271
2023.04.08, 17:01:11.0395 UTC -> Successful fetch. Adding data to db.
2023.04.08, 17:01:11.0829 UTC -> Fetching data from - https://api.coingecko.com/api/v3/coins/kaspa/market_chart/range?vs_currency=jpy&from=1680886871&to=1680973271
2023.04.08, 17:01:12.0089 UTC -> Successful fetch. Adding data to db.
2023.04.08, 17:01:13.0846 UTC -> Fetching data from - https://api.coingecko.com/api/v3/coins/kaspa/market_chart/range?vs_currency=eur&from=1649437273&to=1680973273
2023.04.08, 17:01:14.0056 UTC -> Successful fetch. Adding data to db.
2023.04.08, 17:01:19.0348 UTC -> Fetching data from - https://api.coingecko.com/api/v3/coins/kaspa/market_chart/range?vs_currency=gbp&from=1678298479&to=1680973279
2023.04.08, 17:01:19.0587 UTC -> Successful fetch. Adding data to db.
2023.04.08, 17:01:36.0094 UTC -> Fetching data from - https://api.coingecko.com/api/v3/coins/kaspa/market_chart/range?vs_currency=gbp&from=1680886896&to=1680973296
2023.04.08, 17:01:36.0364 UTC -> Successful fetch. Adding data to db.
2023.04.08, 17:01:45.0593 UTC -> Fetching data from - https://api.coingecko.com/api/v3/coins/kaspa/market_chart/range?vs_currency=cnh&from=1678298505&to=1680973305
2023.04.08, 17:01:45.0801 UTC -> There was an issue getting the graph data for '1M' in cnh.
2023.04.08, 17:01:46.0399 UTC -> Fetching data from - https://api.coingecko.com/api/v3/coins/kaspa/market_chart/range?vs_currency=gbp&from=1680368506&to=1680973306
2023.04.08, 17:01:46.0707 UTC -> Successful fetch. Adding data to db.
2023.04.08, 17:02:00.0369 UTC -> Fetching data from - https://api.coingecko.com/api/v3/coins/kaspa/market_chart/range?vs_currency=cnh&from=1680886920&to=1680973320
2023.04.08, 17:02:00.0933 UTC -> There was an issue getting the graph data for '1D' in cnh.
2023.04.08, 17:02:11.0808 UTC -> Fetching data from - https://api.coingecko.com/api/v3/coins/kaspa/market_chart/range?vs_currency=aud&from=1678298531&to=1680973331
2023.04.08, 17:02:12.0106 UTC -> Successful fetch. Adding data to db.
2023.04.08, 17:02:21.0712 UTC -> Fetching data from - https://api.coingecko.com/api/v3/coins/kaspa/market_chart/range?vs_currency=cnh&from=1680368541&to=1680973341
2023.04.08, 17:02:22.0132 UTC -> There was an issue getting the graph data for '1W' in cnh.
2023.04.08, 17:02:24.0934 UTC -> Fetching data from - https://api.coingecko.com/api/v3/coins/kaspa/market_chart/range?vs_currency=aud&from=1680886944&to=1680973344
2023.04.08, 17:02:25.0133 UTC -> Successful fetch. Adding data to db.
2023.04.08, 17:02:27.0059 UTC -> Fetching data from - https://api.coingecko.com/api/v3/coins/kaspa/market_chart/range?vs_currency=jpy&from=1649437347&to=1680973347
2023.04.08, 17:02:27.0282 UTC -> Successful fetch. Adding data to db.
2023.04.08, 17:02:38.0112 UTC -> Fetching data from - https://api.coingecko.com/api/v3/coins/kaspa/market_chart/range?vs_currency=cad&from=1678298558&to=1680973358
2023.04.08, 17:02:38.0735 UTC -> Successful fetch. Adding data to db.
2023.04.08, 17:02:49.0142 UTC -> Fetching data from - https://api.coingecko.com/api/v3/coins/kaspa/market_chart/range?vs_currency=cad&from=1680886969&to=1680973369
2023.04.08, 17:02:49.0338 UTC -> Successful fetch. Adding data to db.
2023.04.08, 17:02:57.0134 UTC -> Fetching data from - https://api.coingecko.com/api/v3/coins/kaspa/market_chart/range?vs_currency=aud&from=1680368577&to=1680973377
2023.04.08, 17:02:57.0359 UTC -> Successful fetch. Adding data to db.
2023.04.08, 17:03:04.0740 UTC -> Fetching data from - https://api.coingecko.com/api/v3/coins/kaspa/market_chart/range?vs_currency=chf&from=1678298584&to=1680973384
2023.04.08, 17:03:05.0025 UTC -> Successful fetch. Adding data to db.
2023.04.08, 17:03:13.0342 UTC -> Fetching data from - https://api.coingecko.com/api/v3/coins/kaspa/market_chart/range?vs_currency=chf&from=1680886993&to=1680973393
2023.04.08, 17:03:13.0630 UTC -> Successful fetch. Adding data to db.
2023.04.08, 17:40:00.0311 UTC -> Fetching data from - https://api.coingecko.com/api/v3/simple/price?ids=kaspa&vs_currencies=usd
2023.04.08, 17:40:00.0595 UTC -> Successful fetch. Adding data to db.
2023.04.08, 17:40:00.0596 UTC -> Fetching data from - https://api.coingecko.com/api/v3/simple/price?ids=kaspa&vs_currencies=eur
2023.04.08, 17:40:00.0595 UTC -> ReferenceError: data is not defined
2023.04.08, 17:40:00.0791 UTC -> ReferenceError: data is not defined
2023.04.08, 17:40:00.0791 UTC -> Fetching data from - https://api.coingecko.com/api/v3/simple/price?ids=kaspa&vs_currencies=jpy
2023.04.08, 17:40:00.0791 UTC -> Successful fetch. Adding data to db.
2023.04.08, 17:40:00.0981 UTC -> ReferenceError: data is not defined
2023.04.08, 17:40:00.0981 UTC -> Successful fetch. Adding data to db.
2023.04.08, 17:40:00.0981 UTC -> Fetching data from - https://api.coingecko.com/api/v3/simple/price?ids=kaspa&vs_currencies=gbp
2023.04.08, 17:40:01.0134 UTC -> ReferenceError: data is not defined
2023.04.08, 17:40:01.0134 UTC -> Successful fetch. Adding data to db.
2023.04.08, 17:40:01.0135 UTC -> Fetching data from - https://api.coingecko.com/api/v3/simple/price?ids=kaspa&vs_currencies=cny
2023.04.08, 17:40:01.0616 UTC -> Successful fetch. Adding data to db.
2023.04.08, 17:40:01.0616 UTC -> ReferenceError: data is not defined
2023.04.08, 17:40:01.0616 UTC -> Fetching data from - https://api.coingecko.com/api/v3/simple/price?ids=kaspa&vs_currencies=aud
2023.04.08, 17:40:01.0786 UTC -> Successful fetch. Adding data to db.
2023.04.08, 17:40:01.0786 UTC -> Fetching data from - https://api.coingecko.com/api/v3/simple/price?ids=kaspa&vs_currencies=cad
2023.04.08, 17:40:01.0786 UTC -> ReferenceError: data is not defined
2023.04.08, 17:40:01.0967 UTC -> Successful fetch. Adding data to db.
2023.04.08, 17:40:01.0967 UTC -> ReferenceError: data is not defined
2023.04.08, 17:40:01.0968 UTC -> Fetching data from - https://api.coingecko.com/api/v3/simple/price?ids=kaspa&vs_currencies=chf
2023.04.08, 17:40:02.0219 UTC -> Successful fetch. Adding data to db.
2023.04.08, 17:40:02.0219 UTC -> ReferenceError: data is not defined
2023.04.08, 17:45:00.0467 UTC -> Fetching data from - https://api.coingecko.com/api/v3/simple/price?ids=kaspa&vs_currencies=usd
2023.04.08, 17:45:00.0506 UTC -> Fetching data from - https://api.coingecko.com/api/v3/coins/kaspa/market_chart/range?vs_currency=usd&from=1680889500&to=1680975900
2023.04.08, 17:45:00.0740 UTC -> Successful fetch. Adding data to db.
2023.04.08, 17:45:00.0740 UTC -> Fetching data from - https://api.coingecko.com/api/v3/simple/price?ids=kaspa&vs_currencies=eur
2023.04.08, 17:45:00.0862 UTC -> Successful fetch. Adding data to db.
2023.04.08, 17:45:00.0907 UTC -> Successful fetch. Adding data to db.
2023.04.08, 17:45:00.0907 UTC -> Fetching data from - https://api.coingecko.com/api/v3/simple/price?ids=kaspa&vs_currencies=jpy
2023.04.08, 17:45:01.0079 UTC -> Successful fetch. Adding data to db.
2023.04.08, 17:45:01.0079 UTC -> Fetching data from - https://api.coingecko.com/api/v3/simple/price?ids=kaspa&vs_currencies=gbp
2023.04.08, 17:45:01.0252 UTC -> Successful fetch. Adding data to db.
2023.04.08, 17:45:01.0252 UTC -> Fetching data from - https://api.coingecko.com/api/v3/simple/price?ids=kaspa&vs_currencies=cny
2023.04.08, 17:45:01.0343 UTC -> Successful fetch. Adding data to db.
2023.04.08, 17:45:01.0346 UTC -> Fetching data from - https://api.coingecko.com/api/v3/simple/price?ids=kaspa&vs_currencies=aud
2023.04.08, 17:45:01.0521 UTC -> Successful fetch. Adding data to db.
2023.04.08, 17:45:01.0522 UTC -> Fetching data from - https://api.coingecko.com/api/v3/simple/price?ids=kaspa&vs_currencies=cad
2023.04.08, 17:45:01.0694 UTC -> Successful fetch. Adding data to db.
2023.04.08, 17:45:01.0694 UTC -> Fetching data from - https://api.coingecko.com/api/v3/simple/price?ids=kaspa&vs_currencies=chf
2023.04.08, 17:45:01.0783 UTC -> Successful fetch. Adding data to db.
2023.04.08, 17:45:23.0865 UTC -> Fetching data from - https://api.coingecko.com/api/v3/coins/kaspa/market_chart/range?vs_currency=eur&from=1680889523&to=1680975923
2023.04.08, 17:45:24.0182 UTC -> Successful fetch. Adding data to db.
2023.04.08, 17:45:47.0185 UTC -> Fetching data from - https://api.coingecko.com/api/v3/coins/kaspa/market_chart/range?vs_currency=jpy&from=1680889547&to=1680975947
2023.04.08, 17:45:47.0692 UTC -> Successful fetch. Adding data to db.
2023.04.08, 17:46:10.0695 UTC -> Fetching data from - https://api.coingecko.com/api/v3/coins/kaspa/market_chart/range?vs_currency=gbp&from=1680889570&to=1680975970
2023.04.08, 17:46:10.0931 UTC -> Successful fetch. Adding data to db.
2023.04.08, 17:46:33.0937 UTC -> Fetching data from - https://api.coingecko.com/api/v3/coins/kaspa/market_chart/range?vs_currency=cny&from=1680889593&to=1680975993
2023.04.08, 17:46:34.0158 UTC -> Successful fetch. Adding data to db.
2023.04.08, 17:46:57.0161 UTC -> Fetching data from - https://api.coingecko.com/api/v3/coins/kaspa/market_chart/range?vs_currency=aud&from=1680889617&to=1680976017
2023.04.08, 17:46:57.0428 UTC -> Successful fetch. Adding data to db.
2023.04.08, 17:47:20.0432 UTC -> Fetching data from - https://api.coingecko.com/api/v3/coins/kaspa/market_chart/range?vs_currency=cad&from=1680889640&to=1680976040
2023.04.08, 17:47:20.0731 UTC -> Successful fetch. Adding data to db.
2023.04.08, 17:47:43.0734 UTC -> Fetching data from - https://api.coingecko.com/api/v3/coins/kaspa/market_chart/range?vs_currency=chf&from=1680889663&to=1680976063
2023.04.08, 17:47:43.0937 UTC -> Successful fetch. Adding data to db.
2023.04.08, 17:50:00.0857 UTC -> Fetching data from - https://api.coingecko.com/api/v3/simple/price?ids=kaspa&vs_currencies=usd
2023.04.08, 17:50:01.0302 UTC -> Successful fetch. Adding data to db.
2023.04.08, 17:50:01.0304 UTC -> Fetching data from - https://api.coingecko.com/api/v3/simple/price?ids=kaspa&vs_currencies=eur
2023.04.08, 17:50:01.0471 UTC -> Successful fetch. Adding data to db.
2023.04.08, 17:50:01.0472 UTC -> Fetching data from - https://api.coingecko.com/api/v3/simple/price?ids=kaspa&vs_currencies=jpy
2023.04.08, 17:50:01.0567 UTC -> Successful fetch. Adding data to db.
2023.04.08, 17:50:01.0568 UTC -> Fetching data from - https://api.coingecko.com/api/v3/simple/price?ids=kaspa&vs_currencies=gbp
2023.04.08, 17:50:01.0660 UTC -> Successful fetch. Adding data to db.
2023.04.08, 17:50:01.0660 UTC -> Fetching data from - https://api.coingecko.com/api/v3/simple/price?ids=kaspa&vs_currencies=cny
2023.04.08, 17:50:01.0832 UTC -> Successful fetch. Adding data to db.
2023.04.08, 17:50:01.0837 UTC -> Fetching data from - https://api.coingecko.com/api/v3/simple/price?ids=kaspa&vs_currencies=aud
2023.04.08, 17:50:02.0067 UTC -> Successful fetch. Adding data to db.
2023.04.08, 17:50:02.0068 UTC -> Fetching data from - https://api.coingecko.com/api/v3/simple/price?ids=kaspa&vs_currencies=cad
2023.04.08, 17:50:02.0177 UTC -> Successful fetch. Adding data to db.
2023.04.08, 17:50:02.0178 UTC -> Fetching data from - https://api.coingecko.com/api/v3/simple/price?ids=kaspa&vs_currencies=chf
2023.04.08, 17:50:02.0348 UTC -> Successful fetch. Adding data to db.
2023.04.08, 17:55:00.0253 UTC -> Fetching data from - https://api.coingecko.com/api/v3/simple/price?ids=kaspa&vs_currencies=usd
2023.04.08, 17:55:00.0445 UTC -> Successful fetch. Adding data to db.
2023.04.08, 17:55:00.0446 UTC -> Fetching data from - https://api.coingecko.com/api/v3/simple/price?ids=kaspa&vs_currencies=eur
2023.04.08, 17:55:00.0521 UTC -> Successful fetch. Adding data to db.
2023.04.08, 17:55:00.0522 UTC -> Fetching data from - https://api.coingecko.com/api/v3/simple/price?ids=kaspa&vs_currencies=jpy
2023.04.08, 17:55:00.0705 UTC -> Successful fetch. Adding data to db.
2023.04.08, 17:55:00.0714 UTC -> Fetching data from - https://api.coingecko.com/api/v3/simple/price?ids=kaspa&vs_currencies=gbp
2023.04.08, 17:55:00.0798 UTC -> Successful fetch. Adding data to db.
2023.04.08, 17:55:00.0800 UTC -> Fetching data from - https://api.coingecko.com/api/v3/simple/price?ids=kaspa&vs_currencies=cny
2023.04.08, 17:55:00.0977 UTC -> Successful fetch. Adding data to db.
2023.04.08, 17:55:00.0978 UTC -> Fetching data from - https://api.coingecko.com/api/v3/simple/price?ids=kaspa&vs_currencies=aud
2023.04.08, 17:55:01.0095 UTC -> Successful fetch. Adding data to db.
2023.04.08, 17:55:01.0096 UTC -> Fetching data from - https://api.coingecko.com/api/v3/simple/price?ids=kaspa&vs_currencies=cad
2023.04.08, 17:55:01.0270 UTC -> Fetching data from - https://api.coingecko.com/api/v3/simple/price?ids=kaspa&vs_currencies=chf
2023.04.08, 17:55:01.0268 UTC -> Successful fetch. Adding data to db.
2023.04.08, 17:55:01.0428 UTC -> Successful fetch. Adding data to db.
2023.04.08, 18:00:00.0605 UTC -> Fetching data from - https://api.coingecko.com/api/v3/simple/price?ids=kaspa&vs_currencies=usd
2023.04.08, 18:00:00.0615 UTC -> Fetching data from - https://api.coingecko.com/api/v3/coins/kaspa/market_chart/range?vs_currency=usd&from=1680890400&to=1680976800
2023.04.08, 18:00:00.0618 UTC -> Fetching data from - https://api.coingecko.com/api/v3/coins/kaspa/market_chart/range?vs_currency=usd&from=1678302000&to=1680976800
2023.04.08, 18:00:00.0617 UTC -> Fetching data from - https://api.coingecko.com/api/v3/coins/kaspa/market_chart/range?vs_currency=usd&from=1680372000&to=1680976800
2023.04.08, 18:00:00.0848 UTC -> Successful fetch. Adding data to db.
2023.04.08, 18:00:00.0849 UTC -> Fetching data from - https://api.coingecko.com/api/v3/simple/price?ids=kaspa&vs_currencies=eur
2023.04.08, 18:00:01.0020 UTC -> Successful fetch. Adding data to db.
2023.04.08, 18:00:01.0021 UTC -> Successful fetch. Adding data to db.
2023.04.08, 18:00:01.0094 UTC -> Successful fetch. Adding data to db.
2023.04.08, 18:00:01.0095 UTC -> Fetching data from - https://api.coingecko.com/api/v3/simple/price?ids=kaspa&vs_currencies=jpy
2023.04.08, 18:00:01.0150 UTC -> Successful fetch. Adding data to db.
2023.04.08, 18:00:01.0308 UTC -> Successful fetch. Adding data to db.
2023.04.08, 18:00:01.0312 UTC -> Fetching data from - https://api.coingecko.com/api/v3/simple/price?ids=kaspa&vs_currencies=gbp
2023.04.08, 18:00:01.0589 UTC -> Successful fetch. Adding data to db.
2023.04.08, 18:00:01.0590 UTC -> Fetching data from - https://api.coingecko.com/api/v3/simple/price?ids=kaspa&vs_currencies=cny
2023.04.08, 18:00:01.0678 UTC -> Successful fetch. Adding data to db.
2023.04.08, 18:00:01.0678 UTC -> Fetching data from - https://api.coingecko.com/api/v3/simple/price?ids=kaspa&vs_currencies=aud
2023.04.08, 18:00:01.0760 UTC -> Successful fetch. Adding data to db.
2023.04.08, 18:00:01.0761 UTC -> Fetching data from - https://api.coingecko.com/api/v3/simple/price?ids=kaspa&vs_currencies=cad
2023.04.08, 18:00:02.0090 UTC -> Successful fetch. Adding data to db.
2023.04.08, 18:00:02.0094 UTC -> Fetching data from - https://api.coingecko.com/api/v3/simple/price?ids=kaspa&vs_currencies=chf
2023.04.08, 18:00:02.0264 UTC -> Successful fetch. Adding data to db.
2023.04.08, 18:00:22.0152 UTC -> Fetching data from - https://api.coingecko.com/api/v3/coins/kaspa/market_chart/range?vs_currency=eur&from=1678302022&to=1680976822
2023.04.08, 18:00:22.0410 UTC -> Successful fetch. Adding data to db.
2023.04.08, 18:00:24.0022 UTC -> Fetching data from - https://api.coingecko.com/api/v3/coins/kaspa/market_chart/range?vs_currency=eur&from=1680890424&to=1680976824
2023.04.08, 18:00:24.0222 UTC -> Successful fetch. Adding data to db.
2023.04.08, 18:00:34.0025 UTC -> Fetching data from - https://api.coingecko.com/api/v3/coins/kaspa/market_chart/range?vs_currency=eur&from=1680372034&to=1680976834
2023.04.08, 18:00:34.0208 UTC -> Successful fetch. Adding data to db.
2023.04.08, 18:00:43.0414 UTC -> Fetching data from - https://api.coingecko.com/api/v3/coins/kaspa/market_chart/range?vs_currency=jpy&from=1678302043&to=1680976843
2023.04.08, 18:00:43.0648 UTC -> Successful fetch. Adding data to db.
2023.04.08, 18:00:47.0224 UTC -> Fetching data from - https://api.coingecko.com/api/v3/coins/kaspa/market_chart/range?vs_currency=jpy&from=1680890447&to=1680976847
2023.04.08, 18:00:47.0297 UTC -> There was an issue getting the graph data for '1D' in jpy.
2023.04.08, 18:01:04.0653 UTC -> Fetching data from - https://api.coingecko.com/api/v3/coins/kaspa/market_chart/range?vs_currency=gbp&from=1678302064&to=1680976864
2023.04.08, 18:01:04.0735 UTC -> There was an issue getting the graph data for '1M' in gbp.
2023.04.08, 18:01:07.0212 UTC -> Fetching data from - https://api.coingecko.com/api/v3/coins/kaspa/market_chart/range?vs_currency=jpy&from=1680372067&to=1680976867
2023.04.08, 18:01:07.0291 UTC -> There was an issue getting the graph data for '1W' in jpy.
2023.04.08, 18:01:10.0300 UTC -> Fetching data from - https://api.coingecko.com/api/v3/coins/kaspa/market_chart/range?vs_currency=gbp&from=1680890470&to=1680976870
2023.04.08, 18:01:10.0403 UTC -> There was an issue getting the graph data for '1D' in gbp.
2023.04.08, 18:01:25.0737 UTC -> Fetching data from - https://api.coingecko.com/api/v3/coins/kaspa/market_chart/range?vs_currency=cny&from=1678302085&to=1680976885
2023.04.08, 18:01:25.0889 UTC -> There was an issue getting the graph data for '1M' in cny.
2023.04.08, 18:01:33.0405 UTC -> Fetching data from - https://api.coingecko.com/api/v3/coins/kaspa/market_chart/range?vs_currency=cny&from=1680890493&to=1680976893
2023.04.08, 18:01:33.0475 UTC -> There was an issue getting the graph data for '1D' in cny.
2023.04.08, 18:01:40.0295 UTC -> Fetching data from - https://api.coingecko.com/api/v3/coins/kaspa/market_chart/range?vs_currency=gbp&from=1680372100&to=1680976900
2023.04.08, 18:01:40.0382 UTC -> There was an issue getting the graph data for '1W' in gbp.
2023.04.08, 18:01:46.0894 UTC -> Fetching data from - https://api.coingecko.com/api/v3/coins/kaspa/market_chart/range?vs_currency=aud&from=1678302106&to=1680976906
2023.04.08, 18:01:46.0983 UTC -> There was an issue getting the graph data for '1M' in aud.
2023.04.08, 18:01:56.0477 UTC -> Fetching data from - https://api.coingecko.com/api/v3/coins/kaspa/market_chart/range?vs_currency=aud&from=1680890516&to=1680976916
2023.04.08, 18:01:57.0028 UTC -> Successful fetch. Adding data to db.
2023.04.08, 18:02:07.0985 UTC -> Fetching data from - https://api.coingecko.com/api/v3/coins/kaspa/market_chart/range?vs_currency=cad&from=1678302127&to=1680976927
2023.04.08, 18:02:08.0356 UTC -> Successful fetch. Adding data to db.
2023.04.08, 18:02:13.0384 UTC -> Fetching data from - https://api.coingecko.com/api/v3/coins/kaspa/market_chart/range?vs_currency=cny&from=1680372133&to=1680976933
2023.04.08, 18:02:13.0572 UTC -> Successful fetch. Adding data to db.
2023.04.08, 18:02:20.0034 UTC -> Fetching data from - https://api.coingecko.com/api/v3/coins/kaspa/market_chart/range?vs_currency=cad&from=1680890540&to=1680976940
2023.04.08, 18:02:20.0224 UTC -> Successful fetch. Adding data to db.
2023.04.08, 18:02:29.0363 UTC -> Fetching data from - https://api.coingecko.com/api/v3/coins/kaspa/market_chart/range?vs_currency=chf&from=1678302149&to=1680976949
2023.04.08, 18:02:29.0687 UTC -> Successful fetch. Adding data to db.
2023.04.08, 18:02:43.0229 UTC -> Fetching data from - https://api.coingecko.com/api/v3/coins/kaspa/market_chart/range?vs_currency=chf&from=1680890563&to=1680976963
2023.04.08, 18:02:43.0439 UTC -> Successful fetch. Adding data to db.
2023.04.08, 18:02:46.0576 UTC -> Fetching data from - https://api.coingecko.com/api/v3/coins/kaspa/market_chart/range?vs_currency=aud&from=1680372166&to=1680976966
2023.04.08, 18:02:47.0046 UTC -> Successful fetch. Adding data to db.
2023.04.08, 18:03:20.0052 UTC -> Fetching data from - https://api.coingecko.com/api/v3/coins/kaspa/market_chart/range?vs_currency=cad&from=1680372200&to=1680977000
2023.04.08, 18:03:20.0246 UTC -> Successful fetch. Adding data to db.
2023.04.08, 18:03:53.0250 UTC -> Fetching data from - https://api.coingecko.com/api/v3/coins/kaspa/market_chart/range?vs_currency=chf&from=1680372233&to=1680977033
2023.04.08, 18:03:53.0517 UTC -> Successful fetch. Adding data to db.
2023.04.08, 18:05:00.0059 UTC -> Fetching data from - https://api.coingecko.com/api/v3/simple/price?ids=kaspa&vs_currencies=usd
2023.04.08, 18:05:00.0308 UTC -> Successful fetch. Adding data to db.
2023.04.08, 18:05:00.0314 UTC -> Fetching data from - https://api.coingecko.com/api/v3/simple/price?ids=kaspa&vs_currencies=eur
2023.04.08, 18:05:00.0486 UTC -> Successful fetch. Adding data to db.
2023.04.08, 18:05:00.0489 UTC -> Fetching data from - https://api.coingecko.com/api/v3/simple/price?ids=kaspa&vs_currencies=jpy
2023.04.08, 18:05:00.0660 UTC -> Successful fetch. Adding data to db.
2023.04.08, 18:05:00.0666 UTC -> Fetching data from - https://api.coingecko.com/api/v3/simple/price?ids=kaspa&vs_currencies=gbp
2023.04.08, 18:05:00.0831 UTC -> Successful fetch. Adding data to db.
2023.04.08, 18:05:00.0834 UTC -> Fetching data from - https://api.coingecko.com/api/v3/simple/price?ids=kaspa&vs_currencies=cny
2023.04.08, 18:05:01.0290 UTC -> Successful fetch. Adding data to db.
2023.04.08, 18:05:01.0299 UTC -> Fetching data from - https://api.coingecko.com/api/v3/simple/price?ids=kaspa&vs_currencies=aud
2023.04.08, 18:05:01.0462 UTC -> Successful fetch. Adding data to db.
2023.04.08, 18:05:01.0467 UTC -> Fetching data from - https://api.coingecko.com/api/v3/simple/price?ids=kaspa&vs_currencies=cad
2023.04.08, 18:05:01.0645 UTC -> Successful fetch. Adding data to db.
2023.04.08, 18:05:01.0647 UTC -> Fetching data from - https://api.coingecko.com/api/v3/simple/price?ids=kaspa&vs_currencies=chf
2023.04.08, 18:05:01.0810 UTC -> Successful fetch. Adding data to db.
2023.04.08, 18:15:23.0239 UTC -> Fetching data from - https://api.coingecko.com/api/v3/coins/kaspa/market_chart/range?vs_currency=usd&from=1680891323&to=1680977723
2023.04.08, 18:15:23.0468 UTC -> Successful fetch. Adding data to db.
2023.04.08, 18:15:46.0477 UTC -> Fetching data from - https://api.coingecko.com/api/v3/coins/kaspa/market_chart/range?vs_currency=eur&from=1680891346&to=1680977746
2023.04.08, 18:15:46.0700 UTC -> Successful fetch. Adding data to db.
2023.04.08, 18:16:00.0310 UTC -> Fetching data from - https://api.coingecko.com/api/v3/simple/price?ids=kaspa&vs_currencies=usd
2023.04.08, 18:16:00.0492 UTC -> Successful fetch. Adding data to db.
2023.04.08, 18:16:00.0497 UTC -> Fetching data from - https://api.coingecko.com/api/v3/simple/price?ids=kaspa&vs_currencies=eur
2023.04.08, 18:16:00.0675 UTC -> Successful fetch. Adding data to db.
2023.04.08, 18:16:00.0677 UTC -> Fetching data from - https://api.coingecko.com/api/v3/simple/price?ids=kaspa&vs_currencies=jpy
2023.04.08, 18:16:00.0836 UTC -> Successful fetch. Adding data to db.
2023.04.08, 18:16:00.0841 UTC -> Fetching data from - https://api.coingecko.com/api/v3/simple/price?ids=kaspa&vs_currencies=gbp
2023.04.08, 18:16:01.0000 UTC -> Successful fetch. Adding data to db.
2023.04.08, 18:16:01.0003 UTC -> Fetching data from - https://api.coingecko.com/api/v3/simple/price?ids=kaspa&vs_currencies=cny
2023.04.08, 18:16:01.0171 UTC -> Successful fetch. Adding data to db.
2023.04.08, 18:16:01.0179 UTC -> Fetching data from - https://api.coingecko.com/api/v3/simple/price?ids=kaspa&vs_currencies=aud
2023.04.08, 18:16:01.0334 UTC -> Successful fetch. Adding data to db.
2023.04.08, 18:16:01.0340 UTC -> Fetching data from - https://api.coingecko.com/api/v3/simple/price?ids=kaspa&vs_currencies=cad
2023.04.08, 18:16:01.0513 UTC -> Successful fetch. Adding data to db.
2023.04.08, 18:16:01.0519 UTC -> Fetching data from - https://api.coingecko.com/api/v3/simple/price?ids=kaspa&vs_currencies=chf
2023.04.08, 18:16:01.0691 UTC -> Successful fetch. Adding data to db.
2023.04.08, 18:16:09.0710 UTC -> Fetching data from - https://api.coingecko.com/api/v3/coins/kaspa/market_chart/range?vs_currency=jpy&from=1680891369&to=1680977769
2023.04.08, 18:16:09.0916 UTC -> Successful fetch. Adding data to db.
2023.04.08, 18:16:32.0922 UTC -> Fetching data from - https://api.coingecko.com/api/v3/coins/kaspa/market_chart/range?vs_currency=gbp&from=1680891392&to=1680977792
2023.04.08, 18:16:33.0132 UTC -> Successful fetch. Adding data to db.
2023.04.08, 18:16:56.0139 UTC -> Fetching data from - https://api.coingecko.com/api/v3/coins/kaspa/market_chart/range?vs_currency=cny&from=1680891416&to=1680977816
2023.04.08, 18:16:56.0340 UTC -> Successful fetch. Adding data to db.
2023.04.08, 18:17:19.0347 UTC -> Fetching data from - https://api.coingecko.com/api/v3/coins/kaspa/market_chart/range?vs_currency=aud&from=1680891439&to=1680977839
2023.04.08, 18:17:19.0858 UTC -> Successful fetch. Adding data to db.
2023.04.08, 18:17:42.0867 UTC -> Fetching data from - https://api.coingecko.com/api/v3/coins/kaspa/market_chart/range?vs_currency=cad&from=1680891462&to=1680977862
2023.04.08, 18:17:43.0175 UTC -> Successful fetch. Adding data to db.
2023.04.08, 18:18:06.0184 UTC -> Fetching data from - https://api.coingecko.com/api/v3/coins/kaspa/market_chart/range?vs_currency=chf&from=1680891486&to=1680977886
2023.04.08, 18:18:06.0660 UTC -> Successful fetch. Adding data to db.
